<?xml version="1.0" encoding="UTF-8"?>
<!-- Generated by org.testng.reporters.JUnitXMLReporter -->
<testsuite ignored="0" hostname="Anishs-MBP.fios-router.home" failures="0" tests="1" name="Validating Title On Landing Page" time="0.003" errors="0" timestamp="2022-01-25T12:31:27 EST">
  <testcase classname="FrameworkProject.ValidateTitleTest" name="@BeforeTest initialize" time="0.001">
    <failure type="java.lang.NullPointerException" message="Cannot invoke &amp;quot;String.contains(java.lang.CharSequence)&amp;quot; because &amp;quot;browserName&amp;quot; is null">
      <![CDATA[java.lang.NullPointerException: Cannot invoke "String.contains(java.lang.CharSequence)" because "browserName" is null
at resources.base.initializeDriver(base.java:47)
at FrameworkProject.ValidateTitleTest.initialize(ValidateTitleTest.java:23)
... Removed 24 stack frames]]>
    </failure>
  </testcase> <!-- @BeforeTest initialize -->
  <testcase classname="FrameworkProject.ValidateTitleTest" name="@AfterTest teardown" time="0.0">
    <skipped/>
  </testcase> <!-- @AfterTest teardown -->
  <testcase classname="FrameworkProject.ValidateTitleTest" name="basePageText" time="0.0">
    <skipped/>
  </testcase> <!-- basePageText -->
</testsuite> <!-- Validating Title On Landing Page -->
