<?xml version="1.0" encoding="UTF-8"?>
<!-- Generated by org.testng.reporters.JUnitXMLReporter -->
<testsuite ignored="0" hostname="Anishs-MBP.fios-router.home" failures="0" tests="2" name="Testing Home Page" time="23.324" errors="0" timestamp="2022-01-25T19:42:41 EST">
  <testcase classname="FrameworkProject.HomePageTest" name="basePageNavigation" time="12.797"/>
  <testcase classname="FrameworkProject.HomePageTest" name="basePageNavigation" time="8.874"/>
</testsuite> <!-- Testing Home Page -->
