<?xml version="1.0" encoding="UTF-8"?>
<!-- Generated by org.testng.reporters.JUnitXMLReporter -->
<testsuite ignored="0" hostname="Anishs-MBP.fios-router.home" failures="0" tests="2" name="Validating Title On Landing Page" time="6.731" errors="0" timestamp="2022-01-25T19:42:48 EST">
  <testcase classname="FrameworkProject.ValidateTitleTest" name="basePageText" time="0.025"/>
  <testcase classname="FrameworkProject.ValidateTitleTest" name="baseHeaderText" time="0.021"/>
</testsuite> <!-- Validating Title On Landing Page -->
