<?xml version="1.0" encoding="UTF-8"?>
<testsuite xmlns:xsi="http://www.w3.org/2001/XMLSchema-instance" xsi:noNamespaceSchemaLocation="https://maven.apache.org/surefire/maven-surefire-plugin/xsd/surefire-test-report.xsd" name="TestSuite" time="36.77" tests="6" errors="0" skipped="0" failures="0">
  <properties>
[...]
</properties>
  <testcase name="basePageNavigation" classname="FrameworkProject.HomePageTest" time="12.801"/>
  <testcase name="basePageNavigation" classname="FrameworkProject.HomePageTest" time="8.874"/>
  <testcase name="shouldAnswerWithTrue" classname="FrameworkProject.AppTest" time="0"/>
  <testcase name="basePageText" classname="FrameworkProject.ValidateTitleTest" time="0.025"/>
  <testcase name="baseHeaderText" classname="FrameworkProject.ValidateTitleTest" time="0.021"/>
  <testcase name="basePageNavLinks" classname="FrameworkProject.ValidateNavLinks" time="0.032"/>
</testsuite>